<?xml version="1.0" encoding="UTF-8"?>
<!-- Generated by org.testng.reporters.JUnitReportReporter -->
<testsuite hostname="TES-LP-TF839" failures="0" tests="1" name="apprunner.BrowseRunner" time="21.322" errors="0" timestamp="2024-02-06T13:18:54 IST" skipped="0">
  <testcase classname="apprunner.BrowseRunner" name="runScenario" time="21.322"/>
  <system-out/>
</testsuite> <!-- apprunner.BrowseRunner -->
